This file contains any messages produced by compilers while
running configure, to aid debugging if configure makes a mistake.

It was created by fdk-aac configure 2.0.1, which was
generated by GNU Autoconf 2.69.  Invocation command line was

  $ /Users/kyleruan/Documents/GitHub/mediaLearn/3day/opencore-amr-fdk-aac/configure --enable-static --with-pic=yes --disable-shared --host=x86_64-apple-darwin CC=xcrun -sdk iphonesimulator clang -Wno-error=unused-command-line-argument-hard-error-in-future CXX=xcrun -sdk iphonesimulator clang -Wno-error=unused-command-line-argument-hard-error-in-future CPP=xcrun -sdk iphonesimulator clang -Wno-error=unused-command-line-argument-hard-error-in-future -E AS=/Users/kyleruan/Documents/GitHub/mediaLearn/3day/opencore-amr-fdk-aac/extras/gas-preprocessor.pl xcrun -sdk iphonesimulator clang -Wno-error=unused-command-line-argument-hard-error-in-future CFLAGS=-arch x86_64 -mios-simulator-version-min=7.0 LDFLAGS=-arch x86_64 -mios-simulator-version-min=7.0 CPPFLAGS=-arch x86_64 -mios-simulator-version-min=7.0 --prefix=/Users/kyleruan/Documents/GitHub/mediaLearn/3day/thin/x86_64

## --------- ##
## Platform. ##
## --------- ##

hostname = KyleRuanMac.local
uname -m = x86_64
uname -r = 19.0.0
uname -s = Darwin
uname -v = Darwin Kernel Version 19.0.0: Thu Oct 17 16:17:15 PDT 2019; root:xnu-6153.41.3~29/RELEASE_X86_64

/usr/bin/uname -p = i386
/bin/uname -X     = unknown

/bin/arch              = unknown
/usr/bin/arch -k       = unknown
/usr/convex/getsysinfo = unknown
/usr/bin/hostinfo      = Mach kernel version:
	 Darwin Kernel Version 19.0.0: Thu Oct 17 16:17:15 PDT 2019; root:xnu-6153.41.3~29/RELEASE_X86_64
Kernel configured for up to 8 processors.
4 processors are physically available.
8 processors are logically available.
Processor type: x86_64h (Intel x86-64h Haswell)
Processors active: 0 1 2 3 4 5 6 7
Primary memory available: 16.00 gigabytes
Default processor set: 522 tasks, 2455 threads, 8 processors
Load average: 28.30, Mach factor: 0.43
/bin/machine           = unknown
/usr/bin/oslevel       = unknown
/bin/universe          = unknown

PATH: /Users/kyleruan/.nvm/versions/node/v8.11.1/bin
PATH: /usr/local/bin
PATH: /usr/bin
PATH: /bin
PATH: /usr/sbin
PATH: /sbin
PATH: /Applications/VMware Fusion.app/Contents/Public
PATH: /Users/kyleruan/.podenv/bin
PATH: /Users/kyleruan/.rvm/bin
PATH: /Users/kyleruan/Documents/flutter/flutter/bin


## ----------- ##
## Core tests. ##
## ----------- ##

configure:2309: checking for a BSD-compatible install
configure:2377: result: /usr/bin/install -c
configure:2388: checking whether build environment is sane
configure:2443: result: yes
configure:2502: checking for x86_64-apple-darwin-strip
configure:2532: result: no
configure:2542: checking for strip
configure:2558: found /usr/bin/strip
configure:2569: result: strip
configure:2594: checking for a thread-safe mkdir -p
configure:2633: result: /Users/kyleruan/Documents/GitHub/mediaLearn/3day/opencore-amr-fdk-aac/./install-sh -c -d
configure:2640: checking for gawk
configure:2670: result: no
configure:2640: checking for mawk
configure:2670: result: no
configure:2640: checking for nawk
configure:2670: result: no
configure:2640: checking for awk
configure:2656: found /usr/bin/awk
configure:2667: result: awk
configure:2678: checking whether make sets $(MAKE)
configure:2700: result: yes
configure:2729: checking whether make supports nested variables
configure:2746: result: yes
configure:2835: checking whether UID '501' is supported by ustar format
configure:2838: result: yes
configure:2845: checking whether GID '20' is supported by ustar format
configure:2848: result: yes
configure:2856: checking how to create a ustar tar archive
configure:2867: tar --version
bsdtar 3.3.2 - libarchive 3.3.2 zlib/1.2.11 liblzma/5.0.5 bz2lib/1.0.6
configure:2870: $? = 0
configure:2910: tardir=conftest.dir && eval tar --format=ustar -chf - "$tardir" >conftest.tar
configure:2913: $? = 0
configure:2917: tar -xf - <conftest.tar
configure:2920: $? = 0
configure:2922: cat conftest.dir/file
GrepMe
configure:2925: $? = 0
configure:2938: result: gnutar
configure:2999: checking whether make supports nested variables
configure:3016: result: yes
configure:3053: checking for x86_64-apple-darwin-gcc
configure:3080: result: xcrun -sdk iphonesimulator clang -Wno-error=unused-command-line-argument-hard-error-in-future
configure:3349: checking for C compiler version
configure:3358: xcrun -sdk iphonesimulator clang -Wno-error=unused-command-line-argument-hard-error-in-future --version >&5

## ---------------- ##
## Cache variables. ##
## ---------------- ##

ac_cv_env_CCC_set=
ac_cv_env_CCC_value=
ac_cv_env_CC_set=set
ac_cv_env_CC_value='xcrun -sdk iphonesimulator clang -Wno-error=unused-command-line-argument-hard-error-in-future'
ac_cv_env_CFLAGS_set=set
ac_cv_env_CFLAGS_value='-arch x86_64 -mios-simulator-version-min=7.0'
ac_cv_env_CPPFLAGS_set=set
ac_cv_env_CPPFLAGS_value='-arch x86_64 -mios-simulator-version-min=7.0'
ac_cv_env_CPP_set=set
ac_cv_env_CPP_value='xcrun -sdk iphonesimulator clang -Wno-error=unused-command-line-argument-hard-error-in-future -E'
ac_cv_env_CXXCPP_set=
ac_cv_env_CXXCPP_value=
ac_cv_env_CXXFLAGS_set=
ac_cv_env_CXXFLAGS_value=
ac_cv_env_CXX_set=set
ac_cv_env_CXX_value='xcrun -sdk iphonesimulator clang -Wno-error=unused-command-line-argument-hard-error-in-future'
ac_cv_env_LDFLAGS_set=set
ac_cv_env_LDFLAGS_value='-arch x86_64 -mios-simulator-version-min=7.0'
ac_cv_env_LIBS_set=
ac_cv_env_LIBS_value=
ac_cv_env_LT_SYS_LIBRARY_PATH_set=
ac_cv_env_LT_SYS_LIBRARY_PATH_value=
ac_cv_env_build_alias_set=
ac_cv_env_build_alias_value=
ac_cv_env_host_alias_set=set
ac_cv_env_host_alias_value=x86_64-apple-darwin
ac_cv_env_target_alias_set=
ac_cv_env_target_alias_value=
ac_cv_path_install='/usr/bin/install -c'
ac_cv_prog_AWK=awk
ac_cv_prog_CC='xcrun -sdk iphonesimulator clang -Wno-error=unused-command-line-argument-hard-error-in-future'
ac_cv_prog_ac_ct_STRIP=strip
ac_cv_prog_make_make_set=yes
am_cv_make_support_nested_variables=yes
am_cv_prog_tar_ustar=gnutar

## ----------------- ##
## Output variables. ##
## ----------------- ##

ACLOCAL='${SHELL} /Users/kyleruan/Documents/GitHub/mediaLearn/3day/opencore-amr-fdk-aac/missing aclocal-1.16'
AMDEPBACKSLASH=''
AMDEP_FALSE=''
AMDEP_TRUE=''
AMTAR='$${TAR-tar}'
AM_BACKSLASH='\'
AM_DEFAULT_V='$(AM_DEFAULT_VERBOSITY)'
AM_DEFAULT_VERBOSITY='0'
AM_V='$(V)'
AR=''
AUTOCONF='${SHELL} /Users/kyleruan/Documents/GitHub/mediaLearn/3day/opencore-amr-fdk-aac/missing autoconf'
AUTOHEADER='${SHELL} /Users/kyleruan/Documents/GitHub/mediaLearn/3day/opencore-amr-fdk-aac/missing autoheader'
AUTOMAKE='${SHELL} /Users/kyleruan/Documents/GitHub/mediaLearn/3day/opencore-amr-fdk-aac/missing automake-1.16'
AWK='awk'
CC='xcrun -sdk iphonesimulator clang -Wno-error=unused-command-line-argument-hard-error-in-future'
CCDEPMODE=''
CFLAGS='-arch x86_64 -mios-simulator-version-min=7.0'
CPP='xcrun -sdk iphonesimulator clang -Wno-error=unused-command-line-argument-hard-error-in-future -E'
CPPFLAGS='-arch x86_64 -mios-simulator-version-min=7.0'
CXX='xcrun -sdk iphonesimulator clang -Wno-error=unused-command-line-argument-hard-error-in-future'
CXXCPP=''
CXXDEPMODE=''
CXXFLAGS=''
CYGPATH_W='echo'
DEFS=''
DEPDIR=''
DLLTOOL=''
DSYMUTIL=''
DUMPBIN=''
ECHO_C='\c'
ECHO_N=''
ECHO_T=''
EGREP=''
EXAMPLE_FALSE=''
EXAMPLE_TRUE='#'
EXEEXT=''
FDK_AAC_VERSION=''
FGREP=''
GREP=''
INSTALL_DATA='${INSTALL} -m 644'
INSTALL_PROGRAM='${INSTALL}'
INSTALL_SCRIPT='${INSTALL}'
INSTALL_STRIP_PROGRAM='$(install_sh) -c -s'
LD=''
LDFLAGS='-arch x86_64 -mios-simulator-version-min=7.0'
LIBOBJS=''
LIBS=''
LIBS_PRIVATE=''
LIBS_PUBLIC=''
LIBTOOL=''
LIPO=''
LN_S=''
LTLIBOBJS=''
LT_SYS_LIBRARY_PATH=''
MAKEINFO='${SHELL} /Users/kyleruan/Documents/GitHub/mediaLearn/3day/opencore-amr-fdk-aac/missing makeinfo'
MANIFEST_TOOL=''
MKDIR_P='/Users/kyleruan/Documents/GitHub/mediaLearn/3day/opencore-amr-fdk-aac/./install-sh -c -d'
NM=''
NMEDIT=''
OBJDUMP=''
OBJEXT=''
OTOOL64=''
OTOOL=''
PACKAGE='fdk-aac'
PACKAGE_BUGREPORT='http://sourceforge.net/projects/opencore-amr/'
PACKAGE_NAME='fdk-aac'
PACKAGE_STRING='fdk-aac 2.0.1'
PACKAGE_TARNAME='fdk-aac'
PACKAGE_URL=''
PACKAGE_VERSION='2.0.1'
PATH_SEPARATOR=':'
RANLIB=''
SED=''
SET_MAKE=''
SHELL='/bin/sh'
STRIP='strip'
VERSION='2.0.1'
ac_ct_AR=''
ac_ct_CC=''
ac_ct_CXX=''
ac_ct_DUMPBIN=''
am__EXEEXT_FALSE=''
am__EXEEXT_TRUE=''
am__fastdepCC_FALSE=''
am__fastdepCC_TRUE=''
am__fastdepCXX_FALSE=''
am__fastdepCXX_TRUE=''
am__include=''
am__isrc=' -I$(srcdir)'
am__leading_dot='.'
am__nodep=''
am__quote=''
am__tar='tar --format=ustar -chf - "$$tardir"'
am__untar='tar -xf -'
bindir='${exec_prefix}/bin'
build=''
build_alias=''
build_cpu=''
build_os=''
build_vendor=''
datadir='${datarootdir}'
datarootdir='${prefix}/share'
docdir='${datarootdir}/doc/${PACKAGE_TARNAME}'
dvidir='${docdir}'
exec_prefix='NONE'
host='x86_64-apple-darwin'
host_alias='x86_64-apple-darwin'
host_cpu=''
host_os=''
host_vendor=''
htmldir='${docdir}'
includedir='${prefix}/include'
infodir='${datarootdir}/info'
install_sh='${SHELL} /Users/kyleruan/Documents/GitHub/mediaLearn/3day/opencore-amr-fdk-aac/install-sh'
libdir='${exec_prefix}/lib'
libexecdir='${exec_prefix}/libexec'
localedir='${datarootdir}/locale'
localstatedir='${prefix}/var'
mandir='${datarootdir}/man'
mkdir_p='$(MKDIR_P)'
oldincludedir='/usr/include'
pdfdir='${docdir}'
prefix='/Users/kyleruan/Documents/GitHub/mediaLearn/3day/thin/x86_64'
program_transform_name='s,x,x,'
psdir='${docdir}'
sbindir='${exec_prefix}/sbin'
sharedstatedir='${prefix}/com'
sysconfdir='${prefix}/etc'
target_alias=''

## ----------- ##
## confdefs.h. ##
## ----------- ##

/* confdefs.h */
#define PACKAGE_NAME "fdk-aac"
#define PACKAGE_TARNAME "fdk-aac"
#define PACKAGE_VERSION "2.0.1"
#define PACKAGE_STRING "fdk-aac 2.0.1"
#define PACKAGE_BUGREPORT "http://sourceforge.net/projects/opencore-amr/"
#define PACKAGE_URL ""
#define PACKAGE "fdk-aac"
#define VERSION "2.0.1"

configure: caught signal 2
configure: exit 1
